<?xml version="1.0" encoding="UTF-8"?>
<testsuite xmlns:xsi="http://www.w3.org/2001/XMLSchema-instance" xsi:noNamespaceSchemaLocation="https://maven.apache.org/surefire/maven-surefire-plugin/xsd/surefire-test-report-3.0.xsd" version="3.0" name="com.bookstore.gateway.controller.HealthControllerTest" time="10.122" tests="3" errors="0" skipped="0" failures="1">
  <properties>
[...]
</properties>
  <testcase name="shouldReturnDetailedHealth" classname="com.bookstore.gateway.controller.HealthControllerTest" time="0.481">
    <failure message="Status expected:&lt;200 OK&gt; but was:&lt;500 INTERNAL_SERVER_ERROR&gt;" type="java.lang.AssertionError"><![CDATA[java.lang.AssertionError: Status expected:<200 OK> but was:<500 INTERNAL_SERVER_ERROR>
	at org.springframework.test.util.AssertionErrors.fail(AssertionErrors.java:59)
	at org.springframework.test.util.AssertionErrors.assertEquals(AssertionErrors.java:122)
	at org.springframework.test.web.reactive.server.StatusAssertions.lambda$assertStatusAndReturn$4(StatusAssertions.java:236)
	at org.springframework.test.web.reactive.server.ExchangeResult.assertWithDiagnostics(ExchangeResult.java:222)
	at org.springframework.test.web.reactive.server.StatusAssertions.assertStatusAndReturn(StatusAssertions.java:236)
	at org.springframework.test.web.reactive.server.StatusAssertions.isOk(StatusAssertions.java:68)
	at com.bookstore.gateway.controller.HealthControllerTest.shouldReturnDetailedHealth(HealthControllerTest.java:58)
	at java.base/java.lang.reflect.Method.invoke(Method.java:569)
	at java.base/java.util.ArrayList.forEach(ArrayList.java:1511)
	at java.base/java.util.ArrayList.forEach(ArrayList.java:1511)
]]></failure>
    <system-out><![CDATA[15:08:18.641 [main] INFO org.springframework.test.context.support.AnnotationConfigContextLoaderUtils -- Could not detect default configuration classes for test class [com.bookstore.gateway.controller.HealthControllerTest]: HealthControllerTest does not declare any static, non-private, non-final, nested classes annotated with @Configuration.
15:08:19.252 [main] INFO org.springframework.boot.test.context.SpringBootTestContextBootstrapper -- Found @SpringBootConfiguration com.bookstore.gateway.ApiGatewayApplication for test class com.bookstore.gateway.controller.HealthControllerTest

  .   ____          _            __ _ _
 /\\ / ___'_ __ _ _(_)_ __  __ _ \ \ \ \
( ( )\___ | '_ | '_| | '_ \/ _` | \ \ \ \
 \\/  ___)| |_)| | | | | || (_| |  ) ) ) )
  '  |____| .__|_| |_|_| |_\__, | / / / /
 =========|_|==============|___/=/_/_/_/
 :: Spring Boot ::                (v3.2.0)

2025-12-01 15:08:21 - Starting HealthControllerTest using Java 17.0.17 with PID 100806 (started by ielma in /home/ielma/Bureau/ProjetcsS9/Architecture des composants/api-gateway)
2025-12-01 15:08:21 - Running with Spring Boot v3.2.0, Spring v6.1.1
2025-12-01 15:08:21 - The following 1 profile is active: "test"
2025-12-01 15:08:27 - Started HealthControllerTest in 7.455 seconds (process running for 11.346)
2025-12-01 15:08:27 - [29c360ce]  500 Server Error for HTTP GET "/api/health/detailed"
java.lang.NullPointerException: Cannot invoke "org.springframework.data.redis.core.ReactiveValueOperations.get(Object)" because the return value of "org.springframework.data.redis.core.ReactiveStringRedisTemplate.opsForValue()" is null
	at com.bookstore.gateway.controller.HealthController.detailedHealth(HealthController.java:64)
	Suppressed: reactor.core.publisher.FluxOnAssembly$OnAssemblyException: 
Error has been observed at the following site(s):
	*__checkpoint ⇢ HTTP GET "/api/health/detailed" [ExceptionHandlingWebHandler]
Original Stack Trace:
		at com.bookstore.gateway.controller.HealthController.detailedHealth(HealthController.java:64)
		at java.base/jdk.internal.reflect.NativeMethodAccessorImpl.invoke0(Native Method)
		at java.base/jdk.internal.reflect.NativeMethodAccessorImpl.invoke(NativeMethodAccessorImpl.java:77)
		at java.base/jdk.internal.reflect.DelegatingMethodAccessorImpl.invoke(DelegatingMethodAccessorImpl.java:43)
		at java.base/java.lang.reflect.Method.invoke(Method.java:569)
		at org.springframework.web.reactive.result.method.InvocableHandlerMethod.lambda$invoke$0(InvocableHandlerMethod.java:175)
		at reactor.core.publisher.FluxFlatMap.trySubscribeScalarMap(FluxFlatMap.java:153)
		at reactor.core.publisher.MonoFlatMap.subscribeOrReturn(MonoFlatMap.java:53)
		at reactor.core.publisher.InternalMonoOperator.subscribe(InternalMonoOperator.java:63)
		at reactor.core.publisher.MonoDefer.subscribe(MonoDefer.java:53)
		at reactor.core.publisher.MonoIgnoreThen$ThenIgnoreMain.subscribeNext(MonoIgnoreThen.java:241)
		at reactor.core.publisher.MonoIgnoreThen$ThenIgnoreMain.onComplete(MonoIgnoreThen.java:204)
		at reactor.core.publisher.MonoFlatMap$FlatMapMain.onComplete(MonoFlatMap.java:189)
		at reactor.core.publisher.Operators.complete(Operators.java:137)
		at reactor.core.publisher.MonoZip.subscribe(MonoZip.java:121)
		at reactor.core.publisher.InternalMonoOperator.subscribe(InternalMonoOperator.java:76)
		at reactor.core.publisher.MonoIgnoreThen$ThenIgnoreMain.subscribeNext(MonoIgnoreThen.java:264)
		at reactor.core.publisher.MonoIgnoreThen.subscribe(MonoIgnoreThen.java:51)
		at reactor.core.publisher.InternalMonoOperator.subscribe(InternalMonoOperator.java:76)
		at reactor.core.publisher.MonoFlatMap$FlatMapMain.onNext(MonoFlatMap.java:165)
		at reactor.core.publisher.FluxOnErrorResume$ResumeSubscriber.onNext(FluxOnErrorResume.java:79)
		at reactor.core.publisher.FluxSwitchIfEmpty$SwitchIfEmptySubscriber.onNext(FluxSwitchIfEmpty.java:74)
		at reactor.core.publisher.MonoNext$NextSubscriber.onNext(MonoNext.java:82)
		at reactor.core.publisher.FluxConcatMapNoPrefetch$FluxConcatMapNoPrefetchSubscriber.innerNext(FluxConcatMapNoPrefetch.java:258)
		at reactor.core.publisher.FluxConcatMap$ConcatMapInner.onNext(FluxConcatMap.java:863)
		at reactor.core.publisher.FluxMapFuseable$MapFuseableSubscriber.onNext(FluxMapFuseable.java:129)
		at reactor.core.publisher.MonoPeekTerminal$MonoTerminalPeekSubscriber.onNext(MonoPeekTerminal.java:180)
		at reactor.core.publisher.Operators$ScalarSubscription.request(Operators.java:2571)
		at reactor.core.publisher.MonoPeekTerminal$MonoTerminalPeekSubscriber.request(MonoPeekTerminal.java:139)
		at reactor.core.publisher.FluxMapFuseable$MapFuseableSubscriber.request(FluxMapFuseable.java:171)
		at reactor.core.publisher.Operators$MultiSubscriptionSubscriber.request(Operators.java:2331)
		at reactor.core.publisher.FluxConcatMapNoPrefetch$FluxConcatMapNoPrefetchSubscriber.request(FluxConcatMapNoPrefetch.java:338)
		at reactor.core.publisher.MonoNext$NextSubscriber.request(MonoNext.java:108)
		at reactor.core.publisher.Operators$MultiSubscriptionSubscriber.set(Operators.java:2367)
		at reactor.core.publisher.Operators$MultiSubscriptionSubscriber.onSubscribe(Operators.java:2241)
		at reactor.core.publisher.MonoNext$NextSubscriber.onSubscribe(MonoNext.java:70)
		at reactor.core.publisher.FluxConcatMapNoPrefetch$FluxConcatMapNoPrefetchSubscriber.onSubscribe(FluxConcatMapNoPrefetch.java:164)
		at reactor.core.publisher.FluxIterable.subscribe(FluxIterable.java:201)
		at reactor.core.publisher.FluxIterable.subscribe(FluxIterable.java:83)
		at reactor.core.publisher.InternalMonoOperator.subscribe(InternalMonoOperator.java:76)
		at reactor.core.publisher.MonoDefer.subscribe(MonoDefer.java:53)
		at reactor.core.publisher.InternalMonoOperator.subscribe(InternalMonoOperator.java:76)
		at reactor.core.publisher.MonoIgnoreThen$ThenIgnoreMain.subscribeNext(MonoIgnoreThen.java:264)
		at reactor.core.publisher.MonoIgnoreThen.subscribe(MonoIgnoreThen.java:51)
		at reactor.core.publisher.Mono.subscribe(Mono.java:4512)
		at reactor.core.publisher.Mono.subscribeWith(Mono.java:4578)
		at reactor.core.publisher.Mono.subscribe(Mono.java:4478)
		at reactor.core.publisher.Mono.subscribe(Mono.java:4414)
		at org.springframework.test.web.reactive.server.HttpHandlerConnector.lambda$doConnect$2(HttpHandlerConnector.java:100)
		at org.springframework.mock.http.client.reactive.MockClientHttpRequest.lambda$writeWith$2(MockClientHttpRequest.java:124)
		at reactor.core.publisher.MonoDefer.subscribe(MonoDefer.java:45)
		at reactor.core.publisher.FluxConcatIterable$ConcatIterableSubscriber.onComplete(FluxConcatIterable.java:147)
		at reactor.core.publisher.FluxConcatIterable.subscribe(FluxConcatIterable.java:60)
		at reactor.core.publisher.Mono.subscribe(Mono.java:4512)
		at reactor.core.publisher.Mono.subscribeWith(Mono.java:4578)
		at reactor.core.publisher.Mono.subscribe(Mono.java:4478)
		at reactor.core.publisher.Mono.subscribe(Mono.java:4414)
		at org.springframework.test.web.reactive.server.HttpHandlerConnector.doConnect(HttpHandlerConnector.java:114)
		at org.springframework.test.web.reactive.server.HttpHandlerConnector.lambda$connect$0(HttpHandlerConnector.java:81)
		at reactor.core.publisher.MonoDefer.subscribe(MonoDefer.java:45)
		at reactor.core.publisher.Mono.subscribe(Mono.java:4512)
		at reactor.core.publisher.MonoSubscribeOn$SubscribeOnSubscriber.run(MonoSubscribeOn.java:126)
		at reactor.core.scheduler.WorkerTask.call(WorkerTask.java:84)
		at reactor.core.scheduler.WorkerTask.call(WorkerTask.java:37)
		at java.base/java.util.concurrent.FutureTask.run(FutureTask.java:264)
		at java.base/java.util.concurrent.ScheduledThreadPoolExecutor$ScheduledFutureTask.run(ScheduledThreadPoolExecutor.java:304)
		at java.base/java.util.concurrent.ThreadPoolExecutor.runWorker(ThreadPoolExecutor.java:1136)
		at java.base/java.util.concurrent.ThreadPoolExecutor$Worker.run(ThreadPoolExecutor.java:635)
		at java.base/java.lang.Thread.run(Thread.java:840)
2025-12-01 15:08:27 - Request details for assertion failure:

> GET /api/health/detailed
> WebTestClient-Request-Id: [1]

No content

< 500 INTERNAL_SERVER_ERROR Internal Server Error
< Content-Type: [application/json]
< Content-Length: [143]

{"timestamp":"2025-12-01T14:08:27.488+00:00","path":"/api/health/detailed","status":500,"error":"Internal Server Error","requestId":"29c360ce"}

]]></system-out>
  </testcase>
  <testcase name="shouldReturnHealthStatus" classname="com.bookstore.gateway.controller.HealthControllerTest" time="0.097"/>
  <testcase name="shouldReturnMetrics" classname="com.bookstore.gateway.controller.HealthControllerTest" time="0.012"/>
</testsuite>